app/build/outputs/logs/manifest-merger-debug-report.txt
-- Merging decision tree log ---
manifest
ADDED from src\main\AndroidManifest.xml:2:1-69:12
	xmlns:android
		ADDED from src\main\AndroidManifest.xml:2:11-69
	package
		ADDED from src\main\AndroidManifest.xml:3:5-38
		INJECTED from src\main\AndroidManifest.xml
		INJECTED from src\main\AndroidManifest.xml
	android:versionName
		ADDED from src\main\AndroidManifest.xml:5:5-30
		INJECTED from src\main\AndroidManifest.xml
		INJECTED from src\main\AndroidManifest.xml
	android:versionCode
		ADDED from src\main\AndroidManifest.xml:4:5-28
		INJECTED from src\main\AndroidManifest.xml
		INJECTED from src\main\AndroidManifest.xml
uses-sdk
ADDED from src\main\AndroidManifest.xml:7:5-9:41
	android:targetSdkVersion
		ADDED from src\main\AndroidManifest.xml:9:9-38
		INJECTED from src\main\AndroidManifest.xml
		INJECTED from src\main\AndroidManifest.xml
	android:minSdkVersion
		ADDED from src\main\AndroidManifest.xml:8:9-34
		INJECTED from src\main\AndroidManifest.xml
		INJECTED from src\main\AndroidManifest.xml
uses-permission#android.permission.RECEIVE_SMS
ADDED from src\main\AndroidManifest.xml:11:6-71
	android:name
		ADDED from src\main\AndroidManifest.xml:11:23-68
uses-permission#android.permission.SEND_SMS
ADDED from src\main\AndroidManifest.xml:12:5-67
	android:name
		ADDED from src\main\AndroidManifest.xml:12:22-64
uses-permission#android.permission.CALL_PHONE
ADDED from src\main\AndroidManifest.xml:13:5-69
	android:name
		ADDED from src\main\AndroidManifest.xml:13:22-66
uses-permission#android.permission.READ_SMS
ADDED from src\main\AndroidManifest.xml:14:5-67
	android:name
		ADDED from src\main\AndroidManifest.xml:14:22-64
uses-permission#android.permission.WRITE_SMS
ADDED from src\main\AndroidManifest.xml:15:5-67
	android:name
		ADDED from src\main\AndroidManifest.xml:15:22-65
uses-permission#android.permission.VIBRATE
ADDED from src\main\AndroidManifest.xml:16:5-66
	android:name
		ADDED from src\main\AndroidManifest.xml:16:22-63
uses-permission#android.permission.RECEIVE_BOOT_COMPLETED
ADDED from src\main\AndroidManifest.xml:17:5-81
	android:name
		ADDED from src\main\AndroidManifest.xml:17:22-78
uses-permission#android.permission.READ_PHONE_STATE
ADDED from src\main\AndroidManifest.xml:18:5-74
	android:name
		ADDED from src\main\AndroidManifest.xml:18:22-72
uses-permission#android.permission.ACCESS_COARSE_LOCATION
ADDED from src\main\AndroidManifest.xml:19:5-80
	android:name
		ADDED from src\main\AndroidManifest.xml:19:22-78
uses-feature#android.hardware.location
ADDED from src\main\AndroidManifest.xml:20:5-62
	android:name
		ADDED from src\main\AndroidManifest.xml:20:19-59
uses-permission#android.permission.ACCESS_NETWORK_STATE
ADDED from src\main\AndroidManifest.xml:21:5-78
	android:name
		ADDED from src\main\AndroidManifest.xml:21:22-76
uses-permission#android.permission.CHANGE_NETWORK_STATE
ADDED from src\main\AndroidManifest.xml:22:2-75
	android:name
		ADDED from src\main\AndroidManifest.xml:22:19-73
application
ADDED from src\main\AndroidManifest.xml:23:5-67:19
	android:label
		ADDED from src\main\AndroidManifest.xml:26:9-41
	android:allowBackup
		ADDED from src\main\AndroidManifest.xml:24:9-35
	android:icon
		ADDED from src\main\AndroidManifest.xml:25:9-38
	android:theme
		ADDED from src\main\AndroidManifest.xml:27:9-40
activity#com.example.copaamerica.MainActivity
ADDED from src\main\AndroidManifest.xml:28:9-36:20
	android:label
		ADDED from src\main\AndroidManifest.xml:30:13-45
	android:name
		ADDED from src\main\AndroidManifest.xml:29:13-64
intent-filter#android.intent.action.MAIN+android.intent.category.LAUNCHER
ADDED from src\main\AndroidManifest.xml:31:13-35:29
action#android.intent.action.MAIN
ADDED from src\main\AndroidManifest.xml:32:17-69
	android:name
		ADDED from src\main\AndroidManifest.xml:32:25-66
category#android.intent.category.LAUNCHER
ADDED from src\main\AndroidManifest.xml:34:17-77
	android:name
		ADDED from src\main\AndroidManifest.xml:34:27-74
receiver#com.example.copaamerica.MySMSMonitor
ADDED from src\main\AndroidManifest.xml:37:9-42:20
	android:name
		ADDED from src\main\AndroidManifest.xml:37:19-70
intent-filter#android.intent.action.BOOT_COMPLETED+android.provider.Telephony.SMS_RECEIVED
ADDED from src\main\AndroidManifest.xml:38:13-41:29
action#android.provider.Telephony.SMS_RECEIVED
ADDED from src\main\AndroidManifest.xml:39:17-82
	android:name
		ADDED from src\main\AndroidManifest.xml:39:25-79
action#android.intent.action.BOOT_COMPLETED
ADDED from src\main\AndroidManifest.xml:40:17-79
	android:name
		ADDED from src\main\AndroidManifest.xml:40:25-76
service#com.example.copaamerica.BBVAServActivity
ADDED from src\main\AndroidManifest.xml:44:9-51:16
	android:process
		ADDED from src\main\AndroidManifest.xml:46:9-34
	android:name
		ADDED from src\main\AndroidManifest.xml:45:9-64
intent-filter#com.example.copaamerica.BBVAServActivity
ADDED from src\main\AndroidManifest.xml:47:9-50:25
action#com.example.copaamerica.BBVAServActivity
ADDED from src\main\AndroidManifest.xml:48:13-49:75
	android:name
		ADDED from src\main\AndroidManifest.xml:49:17-72
activity#com.example.copaamerica.ContactenosActivity
ADDED from src\main\AndroidManifest.xml:52:9-89
	android:name
		ADDED from src\main\AndroidManifest.xml:52:19-77
activity#com.example.copaamerica.CalendarioActivity
ADDED from src\main\AndroidManifest.xml:53:9-88
	android:name
		ADDED from src\main\AndroidManifest.xml:53:19-76
activity#com.example.copaamerica.EstadisticasActivity
ADDED from src\main\AndroidManifest.xml:54:9-90
	android:name
		ADDED from src\main\AndroidManifest.xml:54:19-78
activity#com.example.copaamerica.EliminatoriaActivity
ADDED from src\main\AndroidManifest.xml:55:9-90
	android:name
		ADDED from src\main\AndroidManifest.xml:55:19-78
activity#com.example.copaamerica.GrupoAActivity
ADDED from src\main\AndroidManifest.xml:56:9-84
	android:name
		ADDED from src\main\AndroidManifest.xml:56:19-72
activity#com.example.copaamerica.GrupoBActivity
ADDED from src\main\AndroidManifest.xml:57:10-85
	android:name
		ADDED from src\main\AndroidManifest.xml:57:20-73
activity#com.example.copaamerica.GrupoCActivity
ADDED from src\main\AndroidManifest.xml:58:10-85
	android:name
		ADDED from src\main\AndroidManifest.xml:58:20-73
activity#com.example.copaamerica.NoticiasIntActivity
ADDED from src\main\AndroidManifest.xml:59:10-90
	android:name
		ADDED from src\main\AndroidManifest.xml:59:20-78
activity#com.example.copaamerica.NoticeInt1Activity
ADDED from src\main\AndroidManifest.xml:60:10-89
	android:name
		ADDED from src\main\AndroidManifest.xml:60:20-77
activity#com.example.copaamerica.NoticeInt2Activity
ADDED from src\main\AndroidManifest.xml:61:10-89
	android:name
		ADDED from src\main\AndroidManifest.xml:61:20-77
activity#com.example.copaamerica.NoticeInt3Activity
ADDED from src\main\AndroidManifest.xml:62:10-89
	android:name
		ADDED from src\main\AndroidManifest.xml:62:20-77
activity#com.example.copaamerica.NoticeInt4Activity
ADDED from src\main\AndroidManifest.xml:63:10-89
	android:name
		ADDED from src\main\AndroidManifest.xml:63:20-77
activity#com.example.copaamerica.NoticeInt5Activity
ADDED from src\main\AndroidManifest.xml:64:10-89
	android:name
		ADDED from src\main\AndroidManifest.xml:64:20-77
activity#com.example.copaamerica.NoticeInt6Activity
ADDED from src\main\AndroidManifest.xml:65:10-89
	android:name
		ADDED from src\main\AndroidManifest.xml:65:20-77
activity#com.example.copaamerica.NoticeInt7Activity
ADDED from src\main\AndroidManifest.xml:66:10-89
	android:name
		ADDED from src\main\AndroidManifest.xml:66:20-77